This file contains any messages produced by compilers while
running configure, to aid debugging if configure makes a mistake.

It was created by mpc configure 0.15, which was
generated by GNU Autoconf 2.63.  Invocation command line was

  $ ./configure 

## --------- ##
## Platform. ##
## --------- ##

hostname = viglen
uname -m = i586
uname -r = 2.6.20-15-generic
uname -s = Linux
uname -v = #2 SMP Sun Apr 15 07:36:31 UTC 2007

/usr/bin/uname -p = unknown
/bin/uname -X     = unknown

/bin/arch              = i586
/usr/bin/arch -k       = unknown
/usr/convex/getsysinfo = unknown
/usr/bin/hostinfo      = unknown
/bin/machine           = unknown
/usr/bin/oslevel       = unknown
/bin/universe          = unknown

PATH: /usr/bin
PATH: /bin
PATH: /usr/sbin
PATH: /sbin


## ----------- ##
## Core tests. ##
## ----------- ##

configure:1893: checking for a BSD-compatible install
configure:1961: result: /usr/bin/install -c
configure:1972: checking whether build environment is sane
configure:2015: result: yes
configure:2077: checking for gawk
configure:2107: result: no
configure:2077: checking for mawk
configure:2093: found /usr/bin/mawk
configure:2104: result: mawk
configure:2115: checking whether make sets $(MAKE)
configure:2137: result: yes
configure:2334: checking for style of include used by make
configure:2362: result: GNU
configure:2435: checking for gcc
configure:2451: found /usr/bin/gcc
configure:2462: result: gcc
configure:2694: checking for C compiler version
configure:2702: gcc --version >&5
gcc (GCC) 4.1.2 (Ubuntu 4.1.2-0ubuntu4)
Copyright (C) 2006 Free Software Foundation, Inc.
This is free software; see the source for copying conditions.  There is NO
warranty; not even for MERCHANTABILITY or FITNESS FOR A PARTICULAR PURPOSE.

configure:2706: $? = 0
configure:2713: gcc -v >&5
Using built-in specs.
Target: i486-linux-gnu
Configured with: ../src/configure -v --enable-languages=c,c++,fortran,objc,obj-c++,treelang --prefix=/usr --enable-shared --with-system-zlib --libexecdir=/usr/lib --without-included-gettext --enable-threads=posix --enable-nls --program-suffix=-4.1 --enable-__cxa_atexit --enable-clocale=gnu --enable-libstdcxx-debug --enable-mpfr --enable-checking=release i486-linux-gnu
Thread model: posix
gcc version 4.1.2 (Ubuntu 4.1.2-0ubuntu4)
configure:2717: $? = 0
configure:2724: gcc -V >&5
gcc: '-V' option must have argument
configure:2728: $? = 1
configure:2751: checking for C compiler default output file name
configure:2773: gcc    conftest.c  >&5
configure:2777: $? = 0
configure:2815: result: a.out
configure:2834: checking whether the C compiler works
configure:2844: ./a.out
configure:2848: $? = 0
configure:2867: result: yes
configure:2874: checking whether we are cross compiling
configure:2876: result: no
configure:2879: checking for suffix of executables
configure:2886: gcc -o conftest    conftest.c  >&5
configure:2890: $? = 0
configure:2916: result: 
configure:2922: checking for suffix of object files
configure:2948: gcc -c   conftest.c >&5
configure:2952: $? = 0
configure:2977: result: o
configure:2981: checking whether we are using the GNU C compiler
configure:3010: gcc -c   conftest.c >&5
configure:3017: $? = 0
configure:3034: result: yes
configure:3043: checking whether gcc accepts -g
configure:3073: gcc -c -g  conftest.c >&5
configure:3080: $? = 0
configure:3181: result: yes
configure:3198: checking for gcc option to accept ISO C89
configure:3272: gcc  -c -g -O2  conftest.c >&5
configure:3279: $? = 0
configure:3302: result: none needed
configure:3322: checking dependency style of gcc
configure:3412: result: gcc3
configure:3429: checking for gcc option to accept ISO C99
configure:3588: gcc  -c -g -O2  conftest.c >&5
conftest.c:60: error: expected ';', ',' or ')' before 'text'
conftest.c: In function 'main':
conftest.c:114: error: expected '=', ',', ';', 'asm' or '__attribute__' before 'newvar'
conftest.c:114: error: 'newvar' undeclared (first use in this function)
conftest.c:114: error: (Each undeclared identifier is reported only once
conftest.c:114: error: for each function it appears in.)
conftest.c:124: error: 'for' loop initial declaration used outside C99 mode
configure:3595: $? = 1
configure: failed program was:
| /* confdefs.h.  */
| #define PACKAGE_NAME "mpc"
| #define PACKAGE_TARNAME "mpc"
| #define PACKAGE_VERSION "0.15"
| #define PACKAGE_STRING "mpc 0.15"
| #define PACKAGE_BUGREPORT "musicpd-dev-team@lists.sourceforge.net"
| #define PACKAGE "mpc"
| #define VERSION "0.15"
| /* end confdefs.h.  */
| #include <stdarg.h>
| #include <stdbool.h>
| #include <stdlib.h>
| #include <wchar.h>
| #include <stdio.h>
| 
| // Check varargs macros.  These examples are taken from C99 6.10.3.5.
| #define debug(...) fprintf (stderr, __VA_ARGS__)
| #define showlist(...) puts (#__VA_ARGS__)
| #define report(test,...) ((test) ? puts (#test) : printf (__VA_ARGS__))
| static void
| test_varargs_macros (void)
| {
|   int x = 1234;
|   int y = 5678;
|   debug ("Flag");
|   debug ("X = %d\n", x);
|   showlist (The first, second, and third items.);
|   report (x>y, "x is %d but y is %d", x, y);
| }
| 
| // Check long long types.
| #define BIG64 18446744073709551615ull
| #define BIG32 4294967295ul
| #define BIG_OK (BIG64 / BIG32 == 4294967297ull && BIG64 % BIG32 == 0)
| #if !BIG_OK
|   your preprocessor is broken;
| #endif
| #if BIG_OK
| #else
|   your preprocessor is broken;
| #endif
| static long long int bignum = -9223372036854775807LL;
| static unsigned long long int ubignum = BIG64;
| 
| struct incomplete_array
| {
|   int datasize;
|   double data[];
| };
| 
| struct named_init {
|   int number;
|   const wchar_t *name;
|   double average;
| };
| 
| typedef const char *ccp;
| 
| static inline int
| test_restrict (ccp restrict text)
| {
|   // See if C++-style comments work.
|   // Iterate through items via the restricted pointer.
|   // Also check for declarations in for loops.
|   for (unsigned int i = 0; *(text+i) != '\0'; ++i)
|     continue;
|   return 0;
| }
| 
| // Check varargs and va_copy.
| static void
| test_varargs (const char *format, ...)
| {
|   va_list args;
|   va_start (args, format);
|   va_list args_copy;
|   va_copy (args_copy, args);
| 
|   const char *str;
|   int number;
|   float fnumber;
| 
|   while (*format)
|     {
|       switch (*format++)
| 	{
| 	case 's': // string
| 	  str = va_arg (args_copy, const char *);
| 	  break;
| 	case 'd': // int
| 	  number = va_arg (args_copy, int);
| 	  break;
| 	case 'f': // float
| 	  fnumber = va_arg (args_copy, double);
| 	  break;
| 	default:
| 	  break;
| 	}
|     }
|   va_end (args_copy);
|   va_end (args);
| }
| 
| int
| main ()
| {
| 
|   // Check bool.
|   _Bool success = false;
| 
|   // Check restrict.
|   if (test_restrict ("String literal") == 0)
|     success = true;
|   char *restrict newvar = "Another string";
| 
|   // Check varargs.
|   test_varargs ("s, d' f .", "string", 65, 34.234);
|   test_varargs_macros ();
| 
|   // Check flexible array members.
|   struct incomplete_array *ia =
|     malloc (sizeof (struct incomplete_array) + (sizeof (double) * 10));
|   ia->datasize = 10;
|   for (int i = 0; i < ia->datasize; ++i)
|     ia->data[i] = i * 1.234;
| 
|   // Check named initializers.
|   struct named_init ni = {
|     .number = 34,
|     .name = L"Test wide string",
|     .average = 543.34343,
|   };
| 
|   ni.number = 58;
| 
|   int dynamic_array[ni.number];
|   dynamic_array[ni.number - 1] = 543;
| 
|   // work around unused variable warnings
|   return (!success || bignum == 0LL || ubignum == 0uLL || newvar[0] == 'x'
| 	  || dynamic_array[ni.number - 1] != 543);
| 
|   ;
|   return 0;
| }
configure:3588: gcc -std=gnu99 -c -g -O2  conftest.c >&5
configure:3595: $? = 0
configure:3625: result: -std=gnu99
configure:3645: checking for a BSD-compatible install
configure:3713: result: /usr/bin/install -c
configure:3724: checking whether make sets $(MAKE)
configure:3746: result: yes
configure:3817: checking for socket in -lsocket
configure:3852: gcc -std=gnu99 -o conftest -g -O2   conftest.c -lsocket   >&5
/usr/bin/ld: cannot find -lsocket
collect2: ld returned 1 exit status
configure:3859: $? = 1
configure: failed program was:
| /* confdefs.h.  */
| #define PACKAGE_NAME "mpc"
| #define PACKAGE_TARNAME "mpc"
| #define PACKAGE_VERSION "0.15"
| #define PACKAGE_STRING "mpc 0.15"
| #define PACKAGE_BUGREPORT "musicpd-dev-team@lists.sourceforge.net"
| #define PACKAGE "mpc"
| #define VERSION "0.15"
| /* end confdefs.h.  */
| 
| /* Override any GCC internal prototype to avoid an error.
|    Use char because int might match the return type of a GCC
|    builtin and then its argument prototype would still apply.  */
| #ifdef __cplusplus
| extern "C"
| #endif
| char socket ();
| int
| main ()
| {
| return socket ();
|   ;
|   return 0;
| }
configure:3880: result: no
configure:3886: checking for gethostbyname in -lnsl
configure:3921: gcc -std=gnu99 -o conftest -g -O2   conftest.c -lnsl   >&5
configure:3928: $? = 0
configure:3949: result: yes
configure:3967: checking for iconv
configure:4023: gcc -std=gnu99 -o conftest -g -O2   conftest.c  >&5
configure:4030: $? = 0
configure:4050: result: yes
configure:4132: checking for nl_langinfo and CODESET
configure:4158: gcc -std=gnu99 -o conftest -g -O2   conftest.c  >&5
configure:4165: $? = 0
configure:4186: result: yes
configure:4209: checking how to run the C preprocessor
configure:4249: gcc -std=gnu99 -E  conftest.c
configure:4256: $? = 0
configure:4287: gcc -std=gnu99 -E  conftest.c
conftest.c:11:28: error: ac_nonexistent.h: No such file or directory
configure:4294: $? = 1
configure: failed program was:
| /* confdefs.h.  */
| #define PACKAGE_NAME "mpc"
| #define PACKAGE_TARNAME "mpc"
| #define PACKAGE_VERSION "0.15"
| #define PACKAGE_STRING "mpc 0.15"
| #define PACKAGE_BUGREPORT "musicpd-dev-team@lists.sourceforge.net"
| #define PACKAGE "mpc"
| #define VERSION "0.15"
| #define HAVE_LANGINFO_CODESET 1
| /* end confdefs.h.  */
| #include <ac_nonexistent.h>
configure:4327: result: gcc -std=gnu99 -E
configure:4356: gcc -std=gnu99 -E  conftest.c
configure:4363: $? = 0
configure:4394: gcc -std=gnu99 -E  conftest.c
conftest.c:11:28: error: ac_nonexistent.h: No such file or directory
configure:4401: $? = 1
configure: failed program was:
| /* confdefs.h.  */
| #define PACKAGE_NAME "mpc"
| #define PACKAGE_TARNAME "mpc"
| #define PACKAGE_VERSION "0.15"
| #define PACKAGE_STRING "mpc 0.15"
| #define PACKAGE_BUGREPORT "musicpd-dev-team@lists.sourceforge.net"
| #define PACKAGE "mpc"
| #define VERSION "0.15"
| #define HAVE_LANGINFO_CODESET 1
| /* end confdefs.h.  */
| #include <ac_nonexistent.h>
configure:4441: checking for grep that handles long lines and -e
configure:4501: result: /bin/grep
configure:4506: checking for egrep
configure:4570: result: /bin/grep -E
configure:4575: checking for ANSI C header files
configure:4605: gcc -std=gnu99 -c -g -O2  conftest.c >&5
configure:4612: $? = 0
configure:4711: gcc -std=gnu99 -o conftest -g -O2   conftest.c  >&5
configure:4715: $? = 0
configure:4721: ./conftest
configure:4725: $? = 0
configure:4743: result: yes
configure:4767: checking for sys/types.h
configure:4788: gcc -std=gnu99 -c -g -O2  conftest.c >&5
configure:4795: $? = 0
configure:4812: result: yes
configure:4767: checking for sys/stat.h
configure:4788: gcc -std=gnu99 -c -g -O2  conftest.c >&5
configure:4795: $? = 0
configure:4812: result: yes
configure:4767: checking for stdlib.h
configure:4788: gcc -std=gnu99 -c -g -O2  conftest.c >&5
configure:4795: $? = 0
configure:4812: result: yes
configure:4767: checking for string.h
configure:4788: gcc -std=gnu99 -c -g -O2  conftest.c >&5
configure:4795: $? = 0
configure:4812: result: yes
configure:4767: checking for memory.h
configure:4788: gcc -std=gnu99 -c -g -O2  conftest.c >&5
configure:4795: $? = 0
configure:4812: result: yes
configure:4767: checking for strings.h
configure:4788: gcc -std=gnu99 -c -g -O2  conftest.c >&5
configure:4795: $? = 0
configure:4812: result: yes
configure:4767: checking for inttypes.h
configure:4788: gcc -std=gnu99 -c -g -O2  conftest.c >&5
configure:4795: $? = 0
configure:4812: result: yes
configure:4767: checking for stdint.h
configure:4788: gcc -std=gnu99 -c -g -O2  conftest.c >&5
configure:4795: $? = 0
configure:4812: result: yes
configure:4767: checking for unistd.h
configure:4788: gcc -std=gnu99 -c -g -O2  conftest.c >&5
configure:4795: $? = 0
configure:4812: result: yes
configure:4836: checking locale.h usability
configure:4853: gcc -std=gnu99 -c -g -O2  conftest.c >&5
configure:4860: $? = 0
configure:4874: result: yes
configure:4878: checking locale.h presence
configure:4893: gcc -std=gnu99 -E  conftest.c
configure:4900: $? = 0
configure:4914: result: yes
configure:4947: checking for locale.h
configure:4954: result: yes
configure:5031: checking whether the C compiler accepts -Wall
configure:5048: gcc -std=gnu99 -c -g -O2 -Wall  conftest.c >&5
configure:5055: $? = 0
configure:5074: result: yes
configure:5082: checking whether the C compiler accepts -Wextra
configure:5099: gcc -std=gnu99 -c -g -O2 -Wextra  conftest.c >&5
configure:5106: $? = 0
configure:5125: result: yes
configure:5133: checking whether the C compiler accepts -Wno-deprecated-declarations
configure:5150: gcc -std=gnu99 -c -g -O2 -Wno-deprecated-declarations  conftest.c >&5
configure:5157: $? = 0
configure:5176: result: yes
configure:5184: checking whether the C compiler accepts -Wmissing-prototypes
configure:5201: gcc -std=gnu99 -c -g -O2 -Wmissing-prototypes  conftest.c >&5
configure:5208: $? = 0
configure:5227: result: yes
configure:5235: checking whether the C compiler accepts -Wdeclaration-after-statement
configure:5252: gcc -std=gnu99 -c -g -O2 -Wdeclaration-after-statement  conftest.c >&5
configure:5259: $? = 0
configure:5278: result: yes
configure:5286: checking whether the C compiler accepts -Wshadow
configure:5303: gcc -std=gnu99 -c -g -O2 -Wshadow  conftest.c >&5
configure:5310: $? = 0
configure:5329: result: yes
configure:5337: checking whether the C compiler accepts -Wpointer-arith
configure:5354: gcc -std=gnu99 -c -g -O2 -Wpointer-arith  conftest.c >&5
configure:5361: $? = 0
configure:5380: result: yes
configure:5388: checking whether the C compiler accepts -Wstrict-prototypes
configure:5405: gcc -std=gnu99 -c -g -O2 -Wstrict-prototypes  conftest.c >&5
configure:5412: $? = 0
configure:5431: result: yes
configure:5439: checking whether the C compiler accepts -Wcast-qual
configure:5456: gcc -std=gnu99 -c -g -O2 -Wcast-qual  conftest.c >&5
configure:5463: $? = 0
configure:5482: result: yes
configure:5490: checking whether the C compiler accepts -Wwrite-strings
configure:5507: gcc -std=gnu99 -c -g -O2 -Wwrite-strings  conftest.c >&5
configure:5514: $? = 0
configure:5533: result: yes
configure:5693: creating ./config.status

## ---------------------- ##
## Running config.status. ##
## ---------------------- ##

This file was extended by mpc config.status 0.15, which was
generated by GNU Autoconf 2.63.  Invocation command line was

  CONFIG_FILES    = 
  CONFIG_HEADERS  = 
  CONFIG_LINKS    = 
  CONFIG_COMMANDS = 
  $ ./config.status 

on viglen

config.status:778: creating Makefile
config.status:778: creating config.h
config.status:1045: executing depfiles commands

## ---------------- ##
## Cache variables. ##
## ---------------- ##

ac_cv_c_compiler_gnu=yes
ac_cv_env_CC_set=
ac_cv_env_CC_value=
ac_cv_env_CFLAGS_set=
ac_cv_env_CFLAGS_value=
ac_cv_env_CPPFLAGS_set=
ac_cv_env_CPPFLAGS_value=
ac_cv_env_CPP_set=
ac_cv_env_CPP_value=
ac_cv_env_LDFLAGS_set=
ac_cv_env_LDFLAGS_value=
ac_cv_env_LIBS_set=
ac_cv_env_LIBS_value=
ac_cv_env_build_alias_set=
ac_cv_env_build_alias_value=
ac_cv_env_host_alias_set=
ac_cv_env_host_alias_value=
ac_cv_env_target_alias_set=
ac_cv_env_target_alias_value=
ac_cv_func_iconv=yes
ac_cv_header_inttypes_h=yes
ac_cv_header_locale_h=yes
ac_cv_header_memory_h=yes
ac_cv_header_stdc=yes
ac_cv_header_stdint_h=yes
ac_cv_header_stdlib_h=yes
ac_cv_header_string_h=yes
ac_cv_header_strings_h=yes
ac_cv_header_sys_stat_h=yes
ac_cv_header_sys_types_h=yes
ac_cv_header_unistd_h=yes
ac_cv_lib_nsl_gethostbyname=yes
ac_cv_lib_socket_socket=no
ac_cv_objext=o
ac_cv_path_EGREP='/bin/grep -E'
ac_cv_path_GREP=/bin/grep
ac_cv_path_install='/usr/bin/install -c'
ac_cv_prog_AWK=mawk
ac_cv_prog_CPP='gcc -std=gnu99 -E'
ac_cv_prog_ac_ct_CC=gcc
ac_cv_prog_cc_c89=
ac_cv_prog_cc_c99=-std=gnu99
ac_cv_prog_cc_g=yes
ac_cv_prog_make_make_set=yes
am_cv_CC_dependencies_compiler_type=gcc3
am_cv_langinfo_codeset=yes

## ----------------- ##
## Output variables. ##
## ----------------- ##

ACLOCAL='${SHELL} /home/mwhitehead/apps/mpc/missing --run aclocal-1.9'
AMDEPBACKSLASH='\'
AMDEP_FALSE='#'
AMDEP_TRUE=''
AMTAR='${SHELL} /home/mwhitehead/apps/mpc/missing --run tar'
AM_CFLAGS=' -Wall -Wextra -Wno-deprecated-declarations -Wmissing-prototypes -Wdeclaration-after-statement -Wshadow -Wpointer-arith -Wstrict-prototypes -Wcast-qual -Wwrite-strings'
AM_CPPFLAGS=' -DNDEBUG'
AUTOCONF='${SHELL} /home/mwhitehead/apps/mpc/missing --run autoconf'
AUTOHEADER='${SHELL} /home/mwhitehead/apps/mpc/missing --run autoheader'
AUTOMAKE='${SHELL} /home/mwhitehead/apps/mpc/missing --run automake-1.9'
AWK='mawk'
CC='gcc -std=gnu99'
CCDEPMODE='depmode=gcc3'
CFLAGS='-g -O2'
CPP='gcc -std=gnu99 -E'
CPPFLAGS=''
CYGPATH_W='echo'
DEFS='-DHAVE_CONFIG_H'
DEPDIR='.deps'
ECHO_C=''
ECHO_N='-n'
ECHO_T=''
EGREP='/bin/grep -E'
EXEEXT=''
GREP='/bin/grep'
HAVE_ICONV_FALSE='#'
HAVE_ICONV_TRUE=''
ICONV_CPPFLAGS=''
ICONV_LIBS=''
INSTALL_DATA='${INSTALL} -m 644'
INSTALL_PROGRAM='${INSTALL}'
INSTALL_SCRIPT='${INSTALL}'
INSTALL_STRIP_PROGRAM='${SHELL} $(install_sh) -c -s'
LDFLAGS=''
LIBOBJS=''
LIBS=''
LTLIBOBJS=''
MAKEINFO='${SHELL} /home/mwhitehead/apps/mpc/missing --run makeinfo'
MPC_LIBS=' -lnsl'
OBJEXT='o'
PACKAGE='mpc'
PACKAGE_BUGREPORT='musicpd-dev-team@lists.sourceforge.net'
PACKAGE_NAME='mpc'
PACKAGE_STRING='mpc 0.15'
PACKAGE_TARNAME='mpc'
PACKAGE_VERSION='0.15'
PATH_SEPARATOR=':'
SET_MAKE=''
SHELL='/bin/bash'
STRIP=''
VERSION='0.15'
ac_ct_CC='gcc'
am__fastdepCC_FALSE='#'
am__fastdepCC_TRUE=''
am__include='include'
am__leading_dot='.'
am__quote=''
am__tar='${AMTAR} chof - "$$tardir"'
am__untar='${AMTAR} xf -'
bindir='${exec_prefix}/bin'
build_alias=''
datadir='${datarootdir}'
datarootdir='${prefix}/share'
docdir='${datarootdir}/doc/${PACKAGE_TARNAME}'
dvidir='${docdir}'
exec_prefix='${prefix}'
host_alias=''
htmldir='${docdir}'
includedir='${prefix}/include'
infodir='${datarootdir}/info'
install_sh='/home/mwhitehead/apps/mpc/install-sh'
libdir='${exec_prefix}/lib'
libexecdir='${exec_prefix}/libexec'
localedir='${datarootdir}/locale'
localstatedir='${prefix}/var'
mandir='${datarootdir}/man'
mkdir_p='mkdir -p --'
oldincludedir='/usr/include'
pdfdir='${docdir}'
prefix='/usr/local'
program_transform_name='s,x,x,'
psdir='${docdir}'
sbindir='${exec_prefix}/sbin'
sharedstatedir='${prefix}/com'
sysconfdir='${prefix}/etc'
target_alias=''

## ----------- ##
## confdefs.h. ##
## ----------- ##

#define PACKAGE_NAME "mpc"
#define PACKAGE_TARNAME "mpc"
#define PACKAGE_VERSION "0.15"
#define PACKAGE_STRING "mpc 0.15"
#define PACKAGE_BUGREPORT "musicpd-dev-team@lists.sourceforge.net"
#define PACKAGE "mpc"
#define VERSION "0.15"
#define HAVE_LANGINFO_CODESET 1
#define STDC_HEADERS 1
#define HAVE_SYS_TYPES_H 1
#define HAVE_SYS_STAT_H 1
#define HAVE_STDLIB_H 1
#define HAVE_STRING_H 1
#define HAVE_MEMORY_H 1
#define HAVE_STRINGS_H 1
#define HAVE_INTTYPES_H 1
#define HAVE_STDINT_H 1
#define HAVE_UNISTD_H 1
#define HAVE_ICONV 1
#define DEFAULT_HOST "localhost"
#define DEFAULT_PORT "6600"

configure: exit 0
